<?xml version="1.0" encoding="UTF-8"?>
<testng-results ignored="0" total="1" passed="0" failed="1" skipped="0">
  <reporter-output>
  </reporter-output>
  <suite started-at="2022-09-24T12:59:55 PDT" name="Default suite" finished-at="2022-09-24T13:00:28 PDT" duration-ms="33822">
    <groups>
    </groups>
    <test started-at="2022-09-24T12:59:55 PDT" name="Default test" finished-at="2022-09-24T13:00:28 PDT" duration-ms="33822">
      <class name="Test_Script.RegistrationPage_Test">
        <test-method is-config="true" signature="launchBrowser()[pri:0, instance:Test_Script.RegistrationPage_Test@441772e]" started-at="2022-09-24T12:59:55 PDT" name="launchBrowser" finished-at="2022-09-24T13:00:02 PDT" duration-ms="7208" status="PASS">
          <reporter-output>
          </reporter-output>
        </test-method> <!-- launchBrowser -->
        <test-method is-config="true" signature="loginTtoApp()[pri:0, instance:Test_Script.RegistrationPage_Test@441772e]" started-at="2022-09-24T13:00:02 PDT" name="loginTtoApp" finished-at="2022-09-24T13:00:20 PDT" duration-ms="18461" status="PASS">
          <reporter-output>
          </reporter-output>
        </test-method> <!-- loginTtoApp -->
        <test-method signature="RegistrationPageTest()[pri:0, instance:Test_Script.RegistrationPage_Test@441772e]" started-at="2022-09-24T13:00:20 PDT" name="RegistrationPageTest" finished-at="2022-09-24T13:00:20 PDT" duration-ms="28" status="FAIL">
          <exception class="java.lang.NoSuchMethodError">
            <message>
              <![CDATA['java.lang.Object org.openqa.selenium.support.PageFactory.initElements(org.openqa.selenium.WebDriver, java.lang.Class)']]>
            </message>
            <full-stacktrace>
              <![CDATA[java.lang.NoSuchMethodError: 'java.lang.Object org.openqa.selenium.support.PageFactory.initElements(org.openqa.selenium.WebDriver, java.lang.Class)'
at Test_Script.RegistrationPage_Test.RegistrationPageTest(RegistrationPage_Test.java:21)
at java.base/jdk.internal.reflect.NativeMethodAccessorImpl.invoke0(Native Method)
at java.base/jdk.internal.reflect.NativeMethodAccessorImpl.invoke(NativeMethodAccessorImpl.java:77)
at java.base/jdk.internal.reflect.DelegatingMethodAccessorImpl.invoke(DelegatingMethodAccessorImpl.java:43)
at java.base/java.lang.reflect.Method.invoke(Method.java:568)
at org.testng.internal.MethodInvocationHelper.invokeMethod(MethodInvocationHelper.java:133)
at org.testng.internal.TestInvoker.invokeMethod(TestInvoker.java:598)
at org.testng.internal.TestInvoker.invokeTestMethod(TestInvoker.java:173)
at org.testng.internal.MethodRunner.runInSequence(MethodRunner.java:46)
at org.testng.internal.TestInvoker$MethodInvocationAgent.invoke(TestInvoker.java:824)
at org.testng.internal.TestInvoker.invokeTestMethods(TestInvoker.java:146)
at org.testng.internal.TestMethodWorker.invokeTestMethods(TestMethodWorker.java:146)
at org.testng.internal.TestMethodWorker.run(TestMethodWorker.java:128)
at java.base/java.util.ArrayList.forEach(ArrayList.java:1511)
at org.testng.TestRunner.privateRun(TestRunner.java:794)
at org.testng.TestRunner.run(TestRunner.java:596)
at org.testng.SuiteRunner.runTest(SuiteRunner.java:377)
at org.testng.SuiteRunner.runSequentially(SuiteRunner.java:371)
at org.testng.SuiteRunner.privateRun(SuiteRunner.java:332)
at org.testng.SuiteRunner.run(SuiteRunner.java:276)
at org.testng.SuiteRunnerWorker.runSuite(SuiteRunnerWorker.java:53)
at org.testng.SuiteRunnerWorker.run(SuiteRunnerWorker.java:96)
at org.testng.TestNG.runSuitesSequentially(TestNG.java:1212)
at org.testng.TestNG.runSuitesLocally(TestNG.java:1134)
at org.testng.TestNG.runSuites(TestNG.java:1063)
at org.testng.TestNG.run(TestNG.java:1031)
at org.testng.remote.AbstractRemoteTestNG.run(AbstractRemoteTestNG.java:115)
at org.testng.remote.RemoteTestNG.initAndRun(RemoteTestNG.java:251)
at org.testng.remote.RemoteTestNG.main(RemoteTestNG.java:77)
]]>
            </full-stacktrace>
          </exception> <!-- java.lang.NoSuchMethodError -->
          <reporter-output>
          </reporter-output>
        </test-method> <!-- RegistrationPageTest -->
        <test-method is-config="true" signature="logoutOfApp()[pri:0, instance:Test_Script.RegistrationPage_Test@441772e]" started-at="2022-09-24T13:00:20 PDT" name="logoutOfApp" finished-at="2022-09-24T13:00:28 PDT" duration-ms="7756" status="PASS">
          <reporter-output>
          </reporter-output>
        </test-method> <!-- logoutOfApp -->
        <test-method is-config="true" signature="closeBrowser()[pri:0, instance:Test_Script.RegistrationPage_Test@441772e]" started-at="2022-09-24T13:00:28 PDT" name="closeBrowser" finished-at="2022-09-24T13:00:28 PDT" duration-ms="242" status="PASS">
          <reporter-output>
          </reporter-output>
        </test-method> <!-- closeBrowser -->
      </class> <!-- Test_Script.RegistrationPage_Test -->
    </test> <!-- Default test -->
  </suite> <!-- Default suite -->
</testng-results>
