<?xml version="1.0" encoding="UTF-8"?>
<!-- Generated by org.testng.reporters.JUnitXMLReporter -->
<testsuite ignored="0" hostname="Aniket" failures="1" tests="1" name="Test" time="30.909" errors="0" timestamp="2022-09-24T12:27:35 PDT">
  <testcase classname="Test_Script.RegistrationPage_Test" name="RegistrationPageTest" time="0.027">
    <failure type="java.lang.NoSuchMethodError" message="&amp;apos;java.lang.Object org.openqa.selenium.support.PageFactory.initElements(org.openqa.selenium.WebDriver, java.lang.Class)&amp;apos;">
      <![CDATA[java.lang.NoSuchMethodError: 'java.lang.Object org.openqa.selenium.support.PageFactory.initElements(org.openqa.selenium.WebDriver, java.lang.Class)'
at Test_Script.RegistrationPage_Test.RegistrationPageTest(RegistrationPage_Test.java:20)
at java.base/java.util.ArrayList.forEach(ArrayList.java:1511)
... Removed 27 stack frames]]>
    </failure>
  </testcase> <!-- RegistrationPageTest -->
</testsuite> <!-- Test -->
